<?xml version="1.0" encoding="UTF-8"?>
<!-- Generated by org.testng.reporters.JUnitReportReporter -->
<testsuite hostname="Chandini" failures="0" tests="1" name="testCases.TC002_LoginTest" time="10.682" errors="0" timestamp="16 Sept 2024 07:41:24 GMT" skipped="0">
  <testcase classname="testCases.TC002_LoginTest" name="testLoginFunctionality" time="10.682"/>
</testsuite> <!-- testCases.TC002_LoginTest -->
