<?xml version="1.0" encoding="UTF-8"?>
<!-- Generated by org.testng.reporters.JUnitReportReporter -->
<testsuite hostname="Chandini" failures="0" tests="6" name="testCases.TC003_LoginDDT" time="32.583" errors="0" timestamp="16 Sept 2024 07:41:24 GMT" skipped="0">
  <testcase classname="testCases.TC003_LoginDDT" name="verify_loginDDT" time="4.802"/>
  <testcase classname="testCases.TC003_LoginDDT" name="verify_loginDDT" time="4.025"/>
  <testcase classname="testCases.TC003_LoginDDT" name="verify_loginDDT" time="7.089"/>
  <testcase classname="testCases.TC003_LoginDDT" name="verify_loginDDT" time="9.076"/>
  <testcase classname="testCases.TC003_LoginDDT" name="verify_loginDDT" time="3.909"/>
  <testcase classname="testCases.TC003_LoginDDT" name="verify_loginDDT" time="3.682"/>
</testsuite> <!-- testCases.TC003_LoginDDT -->
