<?xml version="1.0" encoding="UTF-8"?>
<!-- Generated by org.testng.reporters.JUnitReportReporter -->
<testsuite hostname="Chandini" failures="0" tests="6" name="testCases.TC003_LoginDDT" time="24.474" errors="0" timestamp="2024-09-16T16:00:16 IST" skipped="0">
  <testcase classname="testCases.TC003_LoginDDT" name="verify_loginDDT" time="5.545"/>
  <testcase classname="testCases.TC003_LoginDDT" name="verify_loginDDT" time="3.569"/>
  <testcase classname="testCases.TC003_LoginDDT" name="verify_loginDDT" time="3.997"/>
  <testcase classname="testCases.TC003_LoginDDT" name="verify_loginDDT" time="4.072"/>
  <testcase classname="testCases.TC003_LoginDDT" name="verify_loginDDT" time="3.588"/>
  <testcase classname="testCases.TC003_LoginDDT" name="verify_loginDDT" time="3.703"/>
</testsuite> <!-- testCases.TC003_LoginDDT -->
