<?xml version="1.0" encoding="UTF-8"?>
<!-- Generated by org.testng.reporters.JUnitReportReporter -->
<testsuite hostname="Chandini" failures="0" tests="1" name="testCases.TC001_AccountRegistrationTest" time="14.299" errors="0" timestamp="2024-09-16T16:00:16 IST" skipped="0">
  <testcase classname="testCases.TC001_AccountRegistrationTest" name="verifyRegistrationTest" time="14.299"/>
</testsuite> <!-- testCases.TC001_AccountRegistrationTest -->
